<?xml version="1.0" encoding="UTF-8"?>
<!-- Generated by org.testng.reporters.JUnitXMLReporter -->
<testsuite ignored="0" hostname="DESKTOP-74G09RN" failures="0" tests="2" name="Form Test" time="13.495" errors="0" timestamp="2025-12-16T01:39:15 IST">
  <testcase classname="seleniumdesign.selenium_framework_design.StandaloneFormTest" name="fillFormTest" time="3.653"/>
  <testcase classname="seleniumdesign.selenium_framework_design.StandaloneFormTest" name="fillFormTest" time="3.423"/>
</testsuite> <!-- Form Test -->
