<?xml version="1.0" encoding="UTF-8"?>
<!-- Generated by org.testng.reporters.JUnitXMLReporter -->
<testsuite ignored="0" hostname="DESKTOP-74G09RN" failures="0" tests="3" name="Login Registration Test" time="16.937" errors="0" timestamp="2025-12-16T01:39:17 IST">
  <testcase classname="seleniumdesign.selenium_framework_design.StandaloneLoginTest" name="LoginValidation" time="3.532"/>
  <testcase classname="seleniumdesign.selenium_framework_design.StandaloneLoginTest" name="LoginValidation" time="2.722"/>
  <testcase classname="seleniumdesign.selenium_framework_design.StandaloneLoginTest" name="loginForm" time="3.586"/>
</testsuite> <!-- Login Registration Test -->
