<?xml version="1.0" encoding="UTF-8"?>
<!-- Generated by org.testng.reporters.JUnitReportReporter -->
<testsuite hostname="DESKTOP-74G09RN" failures="0" tests="3" name="seleniumdesign.selenium_framework_design.StandaloneLoginTest" time="16.864" errors="0" timestamp="2025-12-16T01:39:18 IST" skipped="0">
  <testcase classname="seleniumdesign.selenium_framework_design.StandaloneLoginTest" name="loginForm" time="5.142"/>
  <testcase classname="seleniumdesign.selenium_framework_design.StandaloneLoginTest" name="LoginValidation" time="5.617"/>
  <testcase classname="seleniumdesign.selenium_framework_design.StandaloneLoginTest" name="LoginValidation" time="6.105"/>
</testsuite> <!-- seleniumdesign.selenium_framework_design.StandaloneLoginTest -->
