<?xml version="1.0" encoding="UTF-8"?>
<!-- Generated by org.testng.reporters.JUnitReportReporter -->
<testsuite hostname="DESKTOP-74G09RN" failures="0" tests="2" name="seleniumdesign.selenium_framework_design.StandaloneFormTest" time="13.093" errors="0" timestamp="2025-12-16T01:39:18 IST" skipped="0">
  <testcase classname="seleniumdesign.selenium_framework_design.StandaloneFormTest" name="fillFormTest" time="6.800"/>
  <testcase classname="seleniumdesign.selenium_framework_design.StandaloneFormTest" name="fillFormTest" time="6.293"/>
</testsuite> <!-- seleniumdesign.selenium_framework_design.StandaloneFormTest -->
